[18092:35100:0716/205140.035:WARNING:t_skinfilemap.cpp(56)] SGRenderLog:CheckUpdate newMem.OpenMem failed, szNewMem:Local\sgime_skin.v8.filemap.sogouime err:系统错误2: 系统找不到指定的文件。  
打开Filemap失败: Local\sgime_skin.v8.filemap.sogouime331849c3de7
[18092:35100:0716/205140.036:WARNING:t_skinfilemap.cpp(65)] SGRenderLog:CheckUpdate finish: old version:1
[18092:35100:0716/205140.036:WARNING:t_skinfilemap.cpp(67)] SGRenderLog:CheckUpdate finish: new version:8
[18092:35100:0716/205140.093:WARNING:t_skinfilemap.cpp(63)] SGRenderLog:CheckUpdate newMem.OpenMem Suc, szNewMem:Local\sgime_skin.Dpi144.v8.filemap.sogouime
[18092:35100:0716/205140.093:WARNING:t_skinfilemap.cpp(65)] SGRenderLog:CheckUpdate finish: old version:8
[18092:35100:0716/205140.093:WARNING:t_skinfilemap.cpp(67)] SGRenderLog:CheckUpdate finish: new version:8
[51840:67752:0717/190421.081:WARNING:kernel_parameter_setter.cc(150)] [KernelParameterSetter] NotifyDoublePinyinSchemeChanged failed, scheme=Sogou status=1
[51840:67752:0717/190421.081:WARNING:t_skinfilemap.cpp(63)] SGRenderLog:CheckUpdate newMem.OpenMem Suc, szNewMem:Local\sgime_skin.v12.filemap.sogouime
[51840:67752:0717/190421.081:WARNING:t_skinfilemap.cpp(65)] SGRenderLog:CheckUpdate finish: old version:1
[51840:67752:0717/190421.081:WARNING:t_skinfilemap.cpp(67)] SGRenderLog:CheckUpdate finish: new version:12
[51840:67752:0717/190421.105:WARNING:t_skinfilemap.cpp(63)] SGRenderLog:CheckUpdate newMem.OpenMem Suc, szNewMem:Local\sgime_skin.Dpi144.v12.filemap.sogouime
[51840:67752:0717/190421.105:WARNING:t_skinfilemap.cpp(65)] SGRenderLog:CheckUpdate finish: old version:12
[51840:67752:0717/190421.105:WARNING:t_skinfilemap.cpp(67)] SGRenderLog:CheckUpdate finish: new version:12
[45020:53888:0717/190619.029:WARNING:kernel_parameter_setter.cc(150)] [KernelParameterSetter] NotifyDoublePinyinSchemeChanged failed, scheme=Sogou status=1
[45020:53888:0717/190619.029:WARNING:t_skinfilemap.cpp(63)] SGRenderLog:CheckUpdate newMem.OpenMem Suc, szNewMem:Local\sgime_skin.v12.filemap.sogouime
[45020:53888:0717/190619.029:WARNING:t_skinfilemap.cpp(65)] SGRenderLog:CheckUpdate finish: old version:1
[45020:53888:0717/190619.029:WARNING:t_skinfilemap.cpp(67)] SGRenderLog:CheckUpdate finish: new version:12
[45020:53888:0717/190619.057:WARNING:t_skinfilemap.cpp(63)] SGRenderLog:CheckUpdate newMem.OpenMem Suc, szNewMem:Local\sgime_skin.Dpi144.v12.filemap.sogouime
[45020:53888:0717/190619.057:WARNING:t_skinfilemap.cpp(65)] SGRenderLog:CheckUpdate finish: old version:12
[45020:53888:0717/190619.057:WARNING:t_skinfilemap.cpp(67)] SGRenderLog:CheckUpdate finish: new version:12
[17432:12424:0718/114927.377:WARNING:kernel_parameter_setter.cc(150)] [KernelParameterSetter] NotifyDoublePinyinSchemeChanged failed, scheme=Sogou status=1
[17432:12424:0718/114927.378:WARNING:t_skinfilemap.cpp(63)] SGRenderLog:CheckUpdate newMem.OpenMem Suc, szNewMem:Local\sgime_skin.v2.filemap.sogouime
[17432:12424:0718/114927.378:WARNING:t_skinfilemap.cpp(65)] SGRenderLog:CheckUpdate finish: old version:1
[17432:12424:0718/114927.378:WARNING:t_skinfilemap.cpp(67)] SGRenderLog:CheckUpdate finish: new version:2
[17432:12424:0718/114927.393:WARNING:t_skinfilemap.cpp(63)] SGRenderLog:CheckUpdate newMem.OpenMem Suc, szNewMem:Local\sgime_skin.Dpi144.v2.filemap.sogouime
[17432:12424:0718/114927.393:WARNING:t_skinfilemap.cpp(65)] SGRenderLog:CheckUpdate finish: old version:2
[17432:12424:0718/114927.393:WARNING:t_skinfilemap.cpp(67)] SGRenderLog:CheckUpdate finish: new version:2
